// 重构日志: bac49e21
// 重构日志: 825e25ce
// 同步 ID: 4b319bdf @ Tue Jul  7 00:17:32 UTC 2026
// 重构日志: fd3ccb6f
// 重构日志: afc21a36
// 重构日志: a7d9c7f1
// 同步 ID: e9890ffd @ Thu Jul  9 10:59:01 UTC 2026
// 重构日志: d9bfa7c6
// 同步 ID: 7cf917fc @ Fri Jul 10 14:27:32 UTC 2026
// 同步 ID: dc1ec84a @ Fri Jul 10 17:13:56 UTC 2026
// 重构日志: ec4926ec
// 重构日志: 67f9b37c
// 同步 ID: 5e75f55a @ Sat Jul 11 17:19:53 UTC 2026
// 重构日志: 4d41d968
// 重构日志: 7f37a6ef
// 重构日志: deb439e9
// 同步 ID: 5875f97e @ Mon Jul 13 17:18:12 UTC 2026
// 同步 ID: 8c9d2204 @ Wed Jul 15 12:23:25 UTC 2026
// 同步 ID: 1cd45a9a @ Fri Jul 17 16:38:14 UTC 2026
// 同步 ID: 3ff2e149 @ Sat Jul 18 08:10:45 UTC 2026
// 同步 ID: a3bcd201 @ Sun Jul 19 15:25:58 UTC 2026
// 重构日志: 2c714e45
// 同步 ID: 383c2685 @ Mon Jul 20 06:59:19 UTC 2026
// 重构日志: 1721ca6c
// 重构日志: 1f2e68eb
// 同步 ID: 710cca54 @ Tue Jul 21 08:41:56 UTC 2026
// 重构日志: ee5c7171
// 同步 ID: 86836142 @ Wed Jul 22 05:56:07 UTC 2026
// 同步 ID: cef8d97b @ Wed Jul 22 09:10:29 UTC 2026
// 同步 ID: 3c82835a @ Wed Jul 22 16:20:05 UTC 2026
// 重构日志: 9fcca2b9
// 重构日志: 7aa127be
